<?xml version="1.0" encoding="UTF-8"?>
<!-- Generated by org.testng.reporters.JUnitXMLReporter -->
<testsuite ignored="0" hostname="ATSABU-7410" failures="2" tests="2" name="Command line test" time="18.063" errors="0" timestamp="2022-06-21T19:07:50 IST">
  <testcase classname="com.check24.tests.LoginTest" name="loginTest" time="0.286">
    <failure type="java.lang.NullPointerException">
      <![CDATA[java.lang.NullPointerException
at com.check24.reports.ExtentLogger.pass(ExtentLogger.java:11)
at com.check24.pages.LoginPage.enterUsername(LoginPage.java:19)
at com.check24.pages.LoginPage.loginToApplication(LoginPage.java:37)
at com.check24.tests.LoginTest.loginTest(LoginTest.java:24)
at java.base/java.util.ArrayList.forEach(ArrayList.java:1541)
... Removed 37 stack frames]]>
    </failure>
  </testcase> <!-- loginTest -->
  <testcase classname="com.check24.tests.PaymentTest" name="loginTest" time="0.27">
    <failure type="java.lang.NullPointerException">
      <![CDATA[java.lang.NullPointerException
at com.check24.reports.ExtentLogger.pass(ExtentLogger.java:11)
at com.check24.pages.LoginPage.enterUsername(LoginPage.java:19)
at com.check24.pages.LoginPage.loginToApplication(LoginPage.java:37)
at com.check24.tests.PaymentTest.loginTest(PaymentTest.java:23)
at java.base/java.util.ArrayList.forEach(ArrayList.java:1541)
... Removed 37 stack frames]]>
    </failure>
  </testcase> <!-- loginTest -->
</testsuite> <!-- Command line test -->
