<?xml version="1.0" encoding="UTF-8" ?>
<testsuite tests="2" failures="2" name="TestSuite" time="0.559" errors="0" skipped="0">
  <properties>
[...]
</properties>
  <testcase classname="com.check24.tests.LoginTest" name="loginTest" time="0.289">
    <failure type="java.lang.NullPointerException">java.lang.NullPointerException
	at com.check24.reports.ExtentLogger.pass(ExtentLogger.java:11)
	at com.check24.pages.LoginPage.enterUsername(LoginPage.java:19)
	at com.check24.pages.LoginPage.loginToApplication(LoginPage.java:37)
	at com.check24.tests.LoginTest.loginTest(LoginTest.java:24)
</failure>
    <system-out>Configuring TestNG with: org.apache.maven.surefire.testng.conf.TestNG652Configurator@612fc6eb
</system-out>
    <system-err>SLF4J: Failed to load class &quot;org.slf4j.impl.StaticLoggerBinder&quot;.
SLF4J: Defaulting to no-operation (NOP) logger implementation
SLF4J: See http://www.slf4j.org/codes.html#StaticLoggerBinder for further details.
Starting ChromeDriver 102.0.5005.61 (0e59bcc00cc4985ce39ad31c150065f159d95ad3-refs/branch-heads/5005@{#819}) on port 1764
Only local connections are allowed.
Please see https://chromedriver.chromium.org/security-considerations for suggestions on keeping ChromeDriver safe.
ChromeDriver was started successfully.
Jun 21, 2022 7:07:35 PM org.openqa.selenium.remote.ProtocolHandshake createSession
INFO: Detected dialect: W3C
</system-err>
  </testcase>
  <testcase classname="com.check24.tests.PaymentTest" name="loginTest" time="0.27">
    <failure type="java.lang.NullPointerException">java.lang.NullPointerException
	at com.check24.reports.ExtentLogger.pass(ExtentLogger.java:11)
	at com.check24.pages.LoginPage.enterUsername(LoginPage.java:19)
	at com.check24.pages.LoginPage.loginToApplication(LoginPage.java:37)
	at com.check24.tests.PaymentTest.loginTest(PaymentTest.java:23)
</failure>
    <system-err>Starting ChromeDriver 102.0.5005.61 (0e59bcc00cc4985ce39ad31c150065f159d95ad3-refs/branch-heads/5005@{#819}) on port 33936
Only local connections are allowed.
Please see https://chromedriver.chromium.org/security-considerations for suggestions on keeping ChromeDriver safe.
ChromeDriver was started successfully.
Jun 21, 2022 7:07:43 PM org.openqa.selenium.remote.ProtocolHandshake createSession
INFO: Detected dialect: W3C
</system-err>
  </testcase>
</testsuite>